# JRE version: OpenJDK Runtime Environment Temurin-21.0.10+7 (21.0.10+7) (build 21.0.10+7-LTS)
# Java VM: OpenJDK 64-Bit Server VM Temurin-21.0.10+7 (21.0.10+7-LTS, mixed mode, sharing, tiered, compressed oops, compressed class ptrs, g1 gc, windows-amd64)
GC Precious Log:
 CardTable entry size: 512
 Card Set container configuration: InlinePtr #cards 5 size 8 Array Of Cards #cards 12 size 40 Howl #buckets 4 coarsen threshold 1843 Howl Bitmap #cards 512 size 80 coarsen threshold 460 Card regions per heap region 1 cards per card region 2048
 CPUs: 4 total, 4 available
 Memory: 12188M
 Large Page Support: Disabled
 NUMA Support: Disabled
 Compressed Oops: Enabled (32-bit)
 Heap Region Size: 1M
 Heap Min Capacity: 8M
 Heap Initial Capacity: 192M
 Heap Max Capacity: 2G
 Pre-touch: Disabled
 Parallel Workers: 4
 Concurrent Workers: 1
 Concurrent Refinement Workers: 4
 Periodic GC: Disabled
Heap:
 garbage-first heap   total 451584K, used 393875K [0x0000000080000000, 0x0000000100000000)
  region size 1024K, 233 young (238592K), 2 survivors (2048K)
 Metaspace       used 154861K, committed 157248K, reserved 1245184K
  class space    used 19651K, committed 20864K, reserved 1048576K
GC Heap History (20 events):
Event: 313.160 GC heap before
{Heap before GC invocations=121 (full 0):
 garbage-first heap   total 362496K, used 342212K [0x0000000080000000, 0x0000000100000000)
  region size 1024K, 202 young (206848K), 13 survivors (13312K)
 Metaspace       used 142553K, committed 144704K, reserved 1179648K
  class space    used 18026K, committed 19072K, reserved 1048576K
}
Event: 313.178 GC heap after
{Heap after GC invocations=122 (full 0):
 garbage-first heap   total 362496K, used 149771K [0x0000000080000000, 0x0000000100000000)
  region size 1024K, 14 young (14336K), 14 survivors (14336K)
 Metaspace       used 142553K, committed 144704K, reserved 1179648K
  class space    used 18026K, committed 19072K, reserved 1048576K
}
Event: 313.842 GC heap before
{Heap before GC invocations=122 (full 0):
 garbage-first heap   total 362496K, used 342283K [0x0000000080000000, 0x0000000100000000)
  region size 1024K, 202 young (206848K), 14 survivors (14336K)
 Metaspace       used 142555K, committed 144704K, reserved 1179648K
  class space    used 18026K, committed 19072K, reserved 1048576K
}
Event: 313.863 GC heap after
{Heap after GC invocations=123 (full 0):
 garbage-first heap   total 362496K, used 150266K [0x0000000080000000, 0x0000000100000000)
  region size 1024K, 14 young (14336K), 14 survivors (14336K)
 Metaspace       used 142555K, committed 144704K, reserved 1179648K
  class space    used 18026K, committed 19072K, reserved 1048576K
}
Event: 314.568 GC heap before
{Heap before GC invocations=123 (full 0):
 garbage-first heap   total 362496K, used 342778K [0x0000000080000000, 0x0000000100000000)
  region size 1024K, 202 young (206848K), 14 survivors (14336K)
 Metaspace       used 142555K, committed 144704K, reserved 1179648K
  class space    used 18026K, committed 19072K, reserved 1048576K
}
Event: 314.587 GC heap after
{Heap after GC invocations=124 (full 0):
 garbage-first heap   total 362496K, used 151259K [0x0000000080000000, 0x0000000100000000)
  region size 1024K, 15 young (15360K), 15 survivors (15360K)
 Metaspace       used 142555K, committed 144704K, reserved 1179648K
  class space    used 18026K, committed 19072K, reserved 1048576K
}
Event: 315.374 GC heap before
{Heap before GC invocations=125 (full 0):
 garbage-first heap   total 362496K, used 341723K [0x0000000080000000, 0x0000000100000000)
  region size 1024K, 201 young (205824K), 15 survivors (15360K)
 Metaspace       used 142555K, committed 144704K, reserved 1179648K
  class space    used 18026K, committed 19072K, reserved 1048576K
}
Event: 315.393 GC heap after
{Heap after GC invocations=126 (full 0):
 garbage-first heap   total 362496K, used 152708K [0x0000000080000000, 0x0000000100000000)
  region size 1024K, 13 young (13312K), 13 survivors (13312K)
 Metaspace       used 142555K, committed 144704K, reserved 1179648K
  class space    used 18026K, committed 19072K, reserved 1048576K
}
Event: 316.062 GC heap before
{Heap before GC invocations=126 (full 0):
 garbage-first heap   total 362496K, used 342148K [0x0000000080000000, 0x0000000100000000)
  region size 1024K, 198 young (202752K), 13 survivors (13312K)
 Metaspace       used 142555K, committed 144704K, reserved 1179648K
  class space    used 18026K, committed 19072K, reserved 1048576K
}
Event: 316.085 GC heap after
{Heap after GC invocations=127 (full 0):
 garbage-first heap   total 362496K, used 150090K [0x0000000080000000, 0x0000000100000000)
  region size 1024K, 13 young (13312K), 13 survivors (13312K)
 Metaspace       used 142555K, committed 144704K, reserved 1179648K
  class space    used 18026K, committed 19072K, reserved 1048576K
}
Event: 316.864 GC heap before
{Heap before GC invocations=127 (full 0):
 garbage-first heap   total 362496K, used 195146K [0x0000000080000000, 0x0000000100000000)
  region size 1024K, 58 young (59392K), 13 survivors (13312K)
 Metaspace       used 142775K, committed 145024K, reserved 1179648K
  class space    used 18066K, committed 19136K, reserved 1048576K
}
Event: 316.874 GC heap after
{Heap after GC invocations=128 (full 0):
 garbage-first heap   total 451584K, used 142017K [0x0000000080000000, 0x0000000100000000)
  region size 1024K, 5 young (5120K), 5 survivors (5120K)
 Metaspace       used 142775K, committed 145024K, reserved 1179648K
  class space    used 18066K, committed 19136K, reserved 1048576K
}
Event: 318.143 GC heap before
{Heap before GC invocations=128 (full 0):
 garbage-first heap   total 451584K, used 235201K [0x0000000080000000, 0x0000000100000000)
  region size 1024K, 96 young (98304K), 5 survivors (5120K)
 Metaspace       used 142775K, committed 145024K, reserved 1179648K
  class space    used 18066K, committed 19136K, reserved 1048576K
}
Event: 318.152 GC heap after
{Heap after GC invocations=129 (full 0):
 garbage-first heap   total 451584K, used 140707K [0x0000000080000000, 0x0000000100000000)
  region size 1024K, 3 young (3072K), 3 survivors (3072K)
 Metaspace       used 142775K, committed 145024K, reserved 1179648K
  class space    used 18066K, committed 19136K, reserved 1048576K
}
Event: 320.489 GC heap before
{Heap before GC invocations=130 (full 0):
 garbage-first heap   total 451584K, used 412067K [0x0000000080000000, 0x0000000100000000)
  region size 1024K, 264 young (270336K), 3 survivors (3072K)
 Metaspace       used 142775K, committed 145024K, reserved 1179648K
  class space    used 18066K, committed 19136K, reserved 1048576K
}
Event: 320.496 GC heap after
{Heap after GC invocations=131 (full 0):
 garbage-first heap   total 451584K, used 141808K [0x0000000080000000, 0x0000000100000000)
  region size 1024K, 3 young (3072K), 3 survivors (3072K)
 Metaspace       used 142775K, committed 145024K, reserved 1179648K
  class space    used 18066K, committed 19136K, reserved 1048576K
}
Event: 323.553 GC heap before
{Heap before GC invocations=131 (full 0):
 garbage-first heap   total 451584K, used 411120K [0x0000000080000000, 0x0000000100000000)
  region size 1024K, 264 young (270336K), 3 survivors (3072K)
 Metaspace       used 142776K, committed 145024K, reserved 1179648K
  class space    used 18066K, committed 19136K, reserved 1048576K
}
Event: 323.573 GC heap after
{Heap after GC invocations=132 (full 0):
 garbage-first heap   total 451584K, used 144533K [0x0000000080000000, 0x0000000100000000)
  region size 1024K, 5 young (5120K), 5 survivors (5120K)
 Metaspace       used 142776K, committed 145024K, reserved 1179648K
  class space    used 18066K, committed 19136K, reserved 1048576K
}
Event: 325.434 GC heap before
{Heap before GC invocations=132 (full 0):
 garbage-first heap   total 451584K, used 346261K [0x0000000080000000, 0x0000000100000000)
  region size 1024K, 203 young (207872K), 5 survivors (5120K)
 Metaspace       used 142776K, committed 145024K, reserved 1179648K
  class space    used 18066K, committed 19136K, reserved 1048576K
}
Event: 325.439 GC heap after
{Heap after GC invocations=133 (full 0):
 garbage-first heap   total 451584K, used 138899K [0x0000000080000000, 0x0000000100000000)
  region size 1024K, 2 young (2048K), 2 survivors (2048K)
 Metaspace       used 142776K, committed 145024K, reserved 1179648K
  class space    used 18066K, committed 19136K, reserved 1048576K
}

